[0m[[0m[0mdebug[0m] [0m[0m> Exec(compile, None, None)[0m
[0m[[0m[0mdebug[0m] [0m[0mEvaluating tasks: Compile / compile[0m
[0m[[0m[0mdebug[0m] [0m[0mRunning task... Cancel: Signal, check cycles: false, forcegc: true[0m
[0m[[0m[0minfo[0m] [0m[0mcompiling 1 Scala source to /Users/julianfrech/Documents/GitHub/CaseClassBuilder/target/scala-2.12/classes ...[0m
[0m[[0m[0minfo[0m] [0m[0mNon-compiled module 'compiler-bridge_2.12' for Scala 2.12.18. Compiling...[0m
[0m[[0m[0minfo[0m] [0m[0m  Compilation completed in 10.294s.[0m
[0m[[0m[31merror[0m] [0m[0m/Users/julianfrech/Documents/GitHub/CaseClassBuilder/src/main/scala/Main.scala:4:22: object runtime is not a member of package reflect[0m
[0m[[0m[31merror[0m] [0m[0mimport scala.reflect.runtime.universe._[0m
[0m[[0m[31merror[0m] [0m[0m                     ^[0m
[0m[[0m[31merror[0m] [0m[0m/Users/julianfrech/Documents/GitHub/CaseClassBuilder/src/main/scala/Main.scala:46:24: object runtime is not a member of package reflect[0m
[0m[[0m[31merror[0m] [0m[0m  import scala.reflect.runtime.universe._[0m
[0m[[0m[31merror[0m] [0m[0m                       ^[0m
[0m[[0m[31merror[0m] [0m[0m/Users/julianfrech/Documents/GitHub/CaseClassBuilder/src/main/scala/Main.scala:48:37: not found: type TypeTag[0m
[0m[[0m[31merror[0m] [0m[0m  def generateInitializationCode[T: TypeTag]: String = {[0m
[0m[[0m[31merror[0m] [0m[0m                                    ^[0m
[0m[[0m[31merror[0m] [0m[0m/Users/julianfrech/Documents/GitHub/CaseClassBuilder/src/main/scala/Main.scala:49:32: not found: type Type[0m
[0m[[0m[31merror[0m] [0m[0m    def defaultValueForType(t: Type): String = t match {[0m
[0m[[0m[31merror[0m] [0m[0m                               ^[0m
[0m[[0m[31merror[0m] [0m[0m/Users/julianfrech/Documents/GitHub/CaseClassBuilder/src/main/scala/Main.scala:64:26: not found: type Type[0m
[0m[[0m[31merror[0m] [0m[0m    def initCaseClass(t: Type, indent: String = ""): String = {[0m
[0m[[0m[31merror[0m] [0m[0m                         ^[0m
[0m[[0m[31merror[0m] [0m[0m/Users/julianfrech/Documents/GitHub/CaseClassBuilder/src/main/scala/Main.scala:96:38: not found: type StructedCaseClass[0m
[0m[[0m[31merror[0m] [0m[0m  println(generateInitializationCode[StructedCaseClass])[0m
[0m[[0m[31merror[0m] [0m[0m                                     ^[0m
[0m[[0m[31merror[0m] [0m[0m6 errors found[0m
[0m[[0m[31merror[0m] [0m[0m(Compile / [31mcompileIncremental[0m) Compilation failed[0m
[0m[[0m[31merror[0m] [0m[0mTotal time: 11 s, completed 24.01.2024 09:11:57[0m
[0m[[0m[0mdebug[0m] [0m[0m> Exec(idea-shell, None, None)[0m
